1643240291425	geckodriver	INFO	Listening on 127.0.0.1:53174
1643240357740	geckodriver	INFO	Listening on 127.0.0.1:53191
1643240429628	geckodriver	INFO	Listening on 127.0.0.1:53210
1643240569745	geckodriver	INFO	Listening on 127.0.0.1:53235
1643418658139	geckodriver	INFO	Listening on 127.0.0.1:49990
1643418783219	geckodriver	INFO	Listening on 127.0.0.1:60785
1643418803134	geckodriver	INFO	Listening on 127.0.0.1:60795
1643418836701	geckodriver	INFO	Listening on 127.0.0.1:60809
1643419075940	geckodriver	INFO	Listening on 127.0.0.1:60937
1643419078990	mozrunner::runner	INFO	Running command: "C:\\Program Files\\Mozilla Firefox\\firefox.exe" "--marionette" "-no-remote" "-profile" "C:\\Users\\joaod\\AppData\\Local\\Temp\\rust_mozprofilenqr3oC"
1643419079797	Marionette	INFO	Marionette enabled
console.warn: SearchSettings: "get: No settings file exists, new profile?" (new NotFoundError("Could not open the file at C:\\Users\\joaod\\AppData\\Local\\Temp\\rust_mozprofilenqr3oC\\search.json.mozlz4", (void 0)))
1643419083989	Marionette	INFO	Listening on port 60945
1643419084451	RemoteAgent	WARN	TLS certificate errors will be ignored for this session
1643419084594	Marionette	INFO	Stopped listening on port 60945
console.warn: services.settings: main/partitioning-exempt-urls sync interrupted by shutdown

###!!! [Parent][RunMessage] Error: Channel closing: too late to send/recv, messages will be lost

1643419279040	geckodriver	INFO	Listening on 127.0.0.1:51273
1643419282108	mozrunner::runner	INFO	Running command: "C:\\Program Files\\Mozilla Firefox\\firefox.exe" "--marionette" "-no-remote" "-profile" "C:\\Users\\joaod\\AppData\\Local\\Temp\\rust_mozprofile0526Z3"
1643419282844	Marionette	INFO	Marionette enabled
console.warn: SearchSettings: "get: No settings file exists, new profile?" (new NotFoundError("Could not open the file at C:\\Users\\joaod\\AppData\\Local\\Temp\\rust_mozprofile0526Z3\\search.json.mozlz4", (void 0)))
1643419287294	Marionette	INFO	Listening on port 51281
1643419287482	RemoteAgent	WARN	TLS certificate errors will be ignored for this session
1643419287635	Marionette	INFO	Stopped listening on port 51281
console.warn: services.settings: main/partitioning-exempt-urls sync interrupted by shutdown

###!!! [Parent][RunMessage] Error: Channel closing: too late to send/recv, messages will be lost

1643419865001	geckodriver	INFO	Listening on 127.0.0.1:64581
1643419868063	mozrunner::runner	INFO	Running command: "C:\\Program Files\\Mozilla Firefox\\firefox.exe" "--marionette" "-no-remote" "-profile" "C:\\Users\\joaod\\AppData\\Local\\Temp\\rust_mozprofileTquAlU"
1643419868921	Marionette	INFO	Marionette enabled
console.warn: SearchSettings: "get: No settings file exists, new profile?" (new NotFoundError("Could not open the file at C:\\Users\\joaod\\AppData\\Local\\Temp\\rust_mozprofileTquAlU\\search.json.mozlz4", (void 0)))
1643419873446	Marionette	INFO	Listening on port 64589
1643419873919	RemoteAgent	WARN	TLS certificate errors will be ignored for this session
1643419874128	Marionette	INFO	Stopped listening on port 64589
console.warn: services.settings: main/partitioning-exempt-urls sync interrupted by shutdown

###!!! [Parent][RunMessage] Error: Channel closing: too late to send/recv, messages will be lost

1643419906773	geckodriver	INFO	Listening on 127.0.0.1:64631
1643419909804	mozrunner::runner	INFO	Running command: "C:\\Program Files\\Mozilla Firefox\\firefox.exe" "--marionette" "-no-remote" "-profile" "C:\\Users\\joaod\\AppData\\Local\\Temp\\rust_mozprofileZEJdYQ"
1643419910680	Marionette	INFO	Marionette enabled
console.warn: SearchSettings: "get: No settings file exists, new profile?" (new NotFoundError("Could not open the file at C:\\Users\\joaod\\AppData\\Local\\Temp\\rust_mozprofileZEJdYQ\\search.json.mozlz4", (void 0)))
1643419914524	Marionette	INFO	Listening on port 64639
1643419914658	RemoteAgent	WARN	TLS certificate errors will be ignored for this session
JavaScript error: resource://gre/actors/AutoCompleteChild.jsm, line 125: Error: Invalid autocomplete selectedIndex
1643419915948	Marionette	INFO	Stopped listening on port 64639

###!!! [Parent][RunMessage] Error: Channel closing: too late to send/recv, messages will be lost

1643419984236	geckodriver	INFO	Listening on 127.0.0.1:60742
1643419987306	mozrunner::runner	INFO	Running command: "C:\\Program Files\\Mozilla Firefox\\firefox.exe" "--marionette" "-no-remote" "-profile" "C:\\Users\\joaod\\AppData\\Local\\Temp\\rust_mozprofiledEJcKI"
1643419988077	Marionette	INFO	Marionette enabled
console.warn: SearchSettings: "get: No settings file exists, new profile?" (new NotFoundError("Could not open the file at C:\\Users\\joaod\\AppData\\Local\\Temp\\rust_mozprofiledEJcKI\\search.json.mozlz4", (void 0)))
1643419991978	Marionette	INFO	Listening on port 60750
1643419992113	RemoteAgent	WARN	TLS certificate errors will be ignored for this session
JavaScript error: resource://gre/actors/AutoCompleteChild.jsm, line 125: Error: Invalid autocomplete selectedIndex
1643419993415	Marionette	INFO	Stopped listening on port 60750
1643420046453	geckodriver	INFO	Listening on 127.0.0.1:60798
1643420049491	mozrunner::runner	INFO	Running command: "C:\\Program Files\\Mozilla Firefox\\firefox.exe" "--marionette" "-no-remote" "-profile" "C:\\Users\\joaod\\AppData\\Local\\Temp\\rust_mozprofile6Yjutx"
1643420050403	Marionette	INFO	Marionette enabled
console.warn: SearchSettings: "get: No settings file exists, new profile?" (new NotFoundError("Could not open the file at C:\\Users\\joaod\\AppData\\Local\\Temp\\rust_mozprofile6Yjutx\\search.json.mozlz4", (void 0)))
1643420054360	Marionette	INFO	Listening on port 60806
1643420054857	RemoteAgent	WARN	TLS certificate errors will be ignored for this session
JavaScript error: resource://gre/actors/AutoCompleteChild.jsm, line 125: Error: Invalid autocomplete selectedIndex
1643420056123	Marionette	INFO	Stopped listening on port 60806
1643420158323	geckodriver	INFO	Listening on 127.0.0.1:60862
1643420161389	mozrunner::runner	INFO	Running command: "C:\\Program Files\\Mozilla Firefox\\firefox.exe" "--marionette" "-no-remote" "-profile" "C:\\Users\\joaod\\AppData\\Local\\Temp\\rust_mozprofileKeCpVd"
1643420162406	Marionette	INFO	Marionette enabled
console.warn: SearchSettings: "get: No settings file exists, new profile?" (new NotFoundError("Could not open the file at C:\\Users\\joaod\\AppData\\Local\\Temp\\rust_mozprofileKeCpVd\\search.json.mozlz4", (void 0)))
1643420166466	Marionette	INFO	Listening on port 60870
1643420166734	RemoteAgent	WARN	TLS certificate errors will be ignored for this session
JavaScript error: resource://gre/actors/AutoCompleteChild.jsm, line 125: Error: Invalid autocomplete selectedIndex
JavaScript error: resource://gre/actors/AutoCompleteChild.jsm, line 125: Error: Invalid autocomplete selectedIndex
JavaScript error: resource://gre/modules/LoginManagerChild.jsm, line 194: NS_ERROR_XPC_JAVASCRIPT_ERROR_WITH_DETAILS: [JavaScript Error: "Invalid autocomplete selectedIndex" {file: "resource://gre/actors/AutoCompleteChild.jsm" line: 125}]'[JavaScript Error: "Invalid autocomplete selectedIndex" {file: "resource://gre/actors/AutoCompleteChild.jsm" line: 125}]' when calling method: [nsIAutoCompletePopup::selectedIndex]
console.warn: LoginRecipes: "getRecipes: falling back to a synchronous message for:" "http://localhost:8000"
1643420168019	Marionette	INFO	Stopped listening on port 60870

###!!! [Parent][RunMessage] Error: Channel closing: too late to send/recv, messages will be lost

1643420188540	geckodriver	INFO	Listening on 127.0.0.1:60918
1643420191579	mozrunner::runner	INFO	Running command: "C:\\Program Files\\Mozilla Firefox\\firefox.exe" "--marionette" "-no-remote" "-profile" "C:\\Users\\joaod\\AppData\\Local\\Temp\\rust_mozprofile4KeJz9"
1643420192410	Marionette	INFO	Marionette enabled
console.warn: SearchSettings: "get: No settings file exists, new profile?" (new NotFoundError("Could not open the file at C:\\Users\\joaod\\AppData\\Local\\Temp\\rust_mozprofile4KeJz9\\search.json.mozlz4", (void 0)))
1643420196489	Marionette	INFO	Listening on port 60926
1643420196914	RemoteAgent	WARN	TLS certificate errors will be ignored for this session
JavaScript error: resource://gre/actors/AutoCompleteChild.jsm, line 125: Error: Invalid autocomplete selectedIndex
JavaScript error: resource://gre/actors/AutoCompleteChild.jsm, line 125: Error: Invalid autocomplete selectedIndex
JavaScript error: resource://gre/modules/LoginManagerChild.jsm, line 194: NS_ERROR_XPC_JAVASCRIPT_ERROR_WITH_DETAILS: [JavaScript Error: "Invalid autocomplete selectedIndex" {file: "resource://gre/actors/AutoCompleteChild.jsm" line: 125}]'[JavaScript Error: "Invalid autocomplete selectedIndex" {file: "resource://gre/actors/AutoCompleteChild.jsm" line: 125}]' when calling method: [nsIAutoCompletePopup::selectedIndex]
console.warn: LoginRecipes: "getRecipes: falling back to a synchronous message for:" "http://localhost:8000"
1643420198208	Marionette	INFO	Stopped listening on port 60926

###!!! [Parent][RunMessage] Error: Channel closing: too late to send/recv, messages will be lost

1643420240872	geckodriver	INFO	Listening on 127.0.0.1:60980
1643420243922	mozrunner::runner	INFO	Running command: "C:\\Program Files\\Mozilla Firefox\\firefox.exe" "--marionette" "-no-remote" "-profile" "C:\\Users\\joaod\\AppData\\Local\\Temp\\rust_mozprofileCG5iGd"
1643420244679	Marionette	INFO	Marionette enabled
console.warn: SearchSettings: "get: No settings file exists, new profile?" (new NotFoundError("Could not open the file at C:\\Users\\joaod\\AppData\\Local\\Temp\\rust_mozprofileCG5iGd\\search.json.mozlz4", (void 0)))
1643420248569	Marionette	INFO	Listening on port 60991
1643420248744	RemoteAgent	WARN	TLS certificate errors will be ignored for this session
JavaScript error: resource://gre/actors/AutoCompleteChild.jsm, line 125: Error: Invalid autocomplete selectedIndex
JavaScript error: resource://gre/actors/AutoCompleteChild.jsm, line 125: Error: Invalid autocomplete selectedIndex
JavaScript error: resource://gre/modules/LoginManagerChild.jsm, line 194: NS_ERROR_XPC_JAVASCRIPT_ERROR_WITH_DETAILS: [JavaScript Error: "Invalid autocomplete selectedIndex" {file: "resource://gre/actors/AutoCompleteChild.jsm" line: 125}]'[JavaScript Error: "Invalid autocomplete selectedIndex" {file: "resource://gre/actors/AutoCompleteChild.jsm" line: 125}]' when calling method: [nsIAutoCompletePopup::selectedIndex]
console.warn: LoginRecipes: "getRecipes: falling back to a synchronous message for:" "http://localhost:8000"
1643420250072	Marionette	INFO	Stopped listening on port 60991

###!!! [Parent][RunMessage] Error: Channel closing: too late to send/recv, messages will be lost

1643421257958	geckodriver	INFO	Listening on 127.0.0.1:52762
1643421261013	mozrunner::runner	INFO	Running command: "C:\\Program Files\\Mozilla Firefox\\firefox.exe" "--marionette" "-no-remote" "-profile" "C:\\Users\\joaod\\AppData\\Local\\Temp\\rust_mozprofilexeuynw"
1643421261791	Marionette	INFO	Marionette enabled
console.warn: SearchSettings: "get: No settings file exists, new profile?" (new NotFoundError("Could not open the file at C:\\Users\\joaod\\AppData\\Local\\Temp\\rust_mozprofilexeuynw\\search.json.mozlz4", (void 0)))
1643421266400	Marionette	INFO	Listening on port 52772
1643421266868	RemoteAgent	WARN	TLS certificate errors will be ignored for this session
JavaScript error: resource://gre/actors/AutoCompleteChild.jsm, line 125: Error: Invalid autocomplete selectedIndex
JavaScript error: resource://gre/actors/AutoCompleteChild.jsm, line 125: Error: Invalid autocomplete selectedIndex
JavaScript error: resource://gre/modules/LoginManagerChild.jsm, line 194: NS_ERROR_XPC_JAVASCRIPT_ERROR_WITH_DETAILS: [JavaScript Error: "Invalid autocomplete selectedIndex" {file: "resource://gre/actors/AutoCompleteChild.jsm" line: 125}]'[JavaScript Error: "Invalid autocomplete selectedIndex" {file: "resource://gre/actors/AutoCompleteChild.jsm" line: 125}]' when calling method: [nsIAutoCompletePopup::selectedIndex]
console.warn: LoginRecipes: "getRecipes: falling back to a synchronous message for:" "http://localhost:8000"
console.warn: LoginRecipes: "getRecipes: falling back to a synchronous message for:" "http://localhost:8000"
1643421269252	Marionette	INFO	Stopped listening on port 52772
1643421353063	geckodriver	INFO	Listening on 127.0.0.1:52835
1643421356116	mozrunner::runner	INFO	Running command: "C:\\Program Files\\Mozilla Firefox\\firefox.exe" "--marionette" "-no-remote" "-profile" "C:\\Users\\joaod\\AppData\\Local\\Temp\\rust_mozprofileWppj6N"
1643421356896	Marionette	INFO	Marionette enabled
console.warn: SearchSettings: "get: No settings file exists, new profile?" (new NotFoundError("Could not open the file at C:\\Users\\joaod\\AppData\\Local\\Temp\\rust_mozprofileWppj6N\\search.json.mozlz4", (void 0)))
1643421361327	Marionette	INFO	Listening on port 52845
1643421361472	RemoteAgent	WARN	TLS certificate errors will be ignored for this session
JavaScript error: resource://gre/actors/AutoCompleteChild.jsm, line 125: Error: Invalid autocomplete selectedIndex
JavaScript error: resource://gre/actors/AutoCompleteChild.jsm, line 125: Error: Invalid autocomplete selectedIndex
JavaScript error: resource://gre/modules/LoginManagerChild.jsm, line 194: NS_ERROR_XPC_JAVASCRIPT_ERROR_WITH_DETAILS: [JavaScript Error: "Invalid autocomplete selectedIndex" {file: "resource://gre/actors/AutoCompleteChild.jsm" line: 125}]'[JavaScript Error: "Invalid autocomplete selectedIndex" {file: "resource://gre/actors/AutoCompleteChild.jsm" line: 125}]' when calling method: [nsIAutoCompletePopup::selectedIndex]
console.warn: LoginRecipes: "getRecipes: falling back to a synchronous message for:" "http://localhost:8000"
console.warn: LoginRecipes: "getRecipes: falling back to a synchronous message for:" "http://localhost:8000"
1643421363835	Marionette	INFO	Stopped listening on port 52845

###!!! [Parent][RunMessage] Error: Channel closing: too late to send/recv, messages will be lost

1643422563798	geckodriver	INFO	Listening on 127.0.0.1:53479
1643422566837	mozrunner::runner	INFO	Running command: "C:\\Program Files\\Mozilla Firefox\\firefox.exe" "--marionette" "-no-remote" "-profile" "C:\\Users\\joaod\\AppData\\Local\\Temp\\rust_mozprofileMiR6Rv"
1643422567719	Marionette	INFO	Marionette enabled
console.warn: SearchSettings: "get: No settings file exists, new profile?" (new NotFoundError("Could not open the file at C:\\Users\\joaod\\AppData\\Local\\Temp\\rust_mozprofileMiR6Rv\\search.json.mozlz4", (void 0)))
1643422572512	Marionette	INFO	Listening on port 53487
1643422572718	RemoteAgent	WARN	TLS certificate errors will be ignored for this session
JavaScript error: resource://gre/actors/AutoCompleteChild.jsm, line 125: Error: Invalid autocomplete selectedIndex
JavaScript error: resource://gre/actors/AutoCompleteChild.jsm, line 125: Error: Invalid autocomplete selectedIndex
JavaScript error: resource://gre/modules/LoginManagerChild.jsm, line 194: NS_ERROR_XPC_JAVASCRIPT_ERROR_WITH_DETAILS: [JavaScript Error: "Invalid autocomplete selectedIndex" {file: "resource://gre/actors/AutoCompleteChild.jsm" line: 125}]'[JavaScript Error: "Invalid autocomplete selectedIndex" {file: "resource://gre/actors/AutoCompleteChild.jsm" line: 125}]' when calling method: [nsIAutoCompletePopup::selectedIndex]
console.warn: LoginRecipes: "getRecipes: falling back to a synchronous message for:" "http://localhost:8000"
console.warn: LoginRecipes: "getRecipes: falling back to a synchronous message for:" "http://localhost:8000"
1643422575145	Marionette	INFO	Stopped listening on port 53487
JavaScript error: resource://gre/modules/UrlClassifierListManager.jsm, line 691: TypeError: this.tablesData[table] is undefined
[Parent 8200, IPC I/O Parent] WARNING: file /builds/worker/checkouts/gecko/ipc/chromium/src/base/process_util_win.cc:167
1643422616010	geckodriver	INFO	Listening on 127.0.0.1:53543
1643422619107	mozrunner::runner	INFO	Running command: "C:\\Program Files\\Mozilla Firefox\\firefox.exe" "--marionette" "-no-remote" "-profile" "C:\\Users\\joaod\\AppData\\Local\\Temp\\rust_mozprofileBhInQu"
1643422619988	Marionette	INFO	Marionette enabled
console.warn: SearchSettings: "get: No settings file exists, new profile?" (new NotFoundError("Could not open the file at C:\\Users\\joaod\\AppData\\Local\\Temp\\rust_mozprofileBhInQu\\search.json.mozlz4", (void 0)))
1643422627959	Marionette	INFO	Listening on port 53552
1643422628240	RemoteAgent	WARN	TLS certificate errors will be ignored for this session
JavaScript error: resource://gre/actors/AutoCompleteChild.jsm, line 125: Error: Invalid autocomplete selectedIndex
JavaScript error: resource://gre/actors/AutoCompleteChild.jsm, line 125: Error: Invalid autocomplete selectedIndex
JavaScript error: resource://gre/modules/LoginManagerChild.jsm, line 194: NS_ERROR_XPC_JAVASCRIPT_ERROR_WITH_DETAILS: [JavaScript Error: "Invalid autocomplete selectedIndex" {file: "resource://gre/actors/AutoCompleteChild.jsm" line: 125}]'[JavaScript Error: "Invalid autocomplete selectedIndex" {file: "resource://gre/actors/AutoCompleteChild.jsm" line: 125}]' when calling method: [nsIAutoCompletePopup::selectedIndex]
console.warn: LoginRecipes: "getRecipes: falling back to a synchronous message for:" "http://localhost:8000"
console.warn: LoginRecipes: "getRecipes: falling back to a synchronous message for:" "http://localhost:8000"
1643422631021	Marionette	INFO	Stopped listening on port 53552
1643584523864	geckodriver	INFO	Listening on 127.0.0.1:54750
1643584526918	mozrunner::runner	INFO	Running command: "C:\\Program Files\\Mozilla Firefox\\firefox.exe" "--marionette" "-no-remote" "-profile" "C:\\Users\\joaod\\AppData\\Local\\Temp\\rust_mozprofileDu76vn"
1643584528062	Marionette	INFO	Marionette enabled
console.warn: SearchSettings: "get: No settings file exists, new profile?" (new NotFoundError("Could not open the file at C:\\Users\\joaod\\AppData\\Local\\Temp\\rust_mozprofileDu76vn\\search.json.mozlz4", (void 0)))
1643584534244	Marionette	INFO	Listening on port 54767
1643584534526	RemoteAgent	WARN	TLS certificate errors will be ignored for this session
JavaScript error: resource://gre/actors/AutoCompleteChild.jsm, line 125: Error: Invalid autocomplete selectedIndex
JavaScript error: resource://gre/actors/AutoCompleteChild.jsm, line 125: Error: Invalid autocomplete selectedIndex
JavaScript error: resource://gre/modules/LoginManagerChild.jsm, line 194: NS_ERROR_XPC_JAVASCRIPT_ERROR_WITH_DETAILS: [JavaScript Error: "Invalid autocomplete selectedIndex" {file: "resource://gre/actors/AutoCompleteChild.jsm" line: 125}]'[JavaScript Error: "Invalid autocomplete selectedIndex" {file: "resource://gre/actors/AutoCompleteChild.jsm" line: 125}]' when calling method: [nsIAutoCompletePopup::selectedIndex]
console.warn: LoginRecipes: "getRecipes: falling back to a synchronous message for:" "http://localhost:8000"
console.warn: LoginRecipes: "getRecipes: falling back to a synchronous message for:" "http://localhost:8000"
1643584537360	Marionette	INFO	Stopped listening on port 54767

###!!! [Parent][RunMessage] Error: Channel closing: too late to send/recv, messages will be lost

1643584667563	geckodriver	INFO	Listening on 127.0.0.1:52966
1643584670601	mozrunner::runner	INFO	Running command: "C:\\Program Files\\Mozilla Firefox\\firefox.exe" "--marionette" "-no-remote" "-profile" "C:\\Users\\joaod\\AppData\\Local\\Temp\\rust_mozprofile3j1Wnt"
1643584671384	Marionette	INFO	Marionette enabled
console.warn: SearchSettings: "get: No settings file exists, new profile?" (new NotFoundError("Could not open the file at C:\\Users\\joaod\\AppData\\Local\\Temp\\rust_mozprofile3j1Wnt\\search.json.mozlz4", (void 0)))
1643584679504	Marionette	INFO	Listening on port 52980
1643584679749	RemoteAgent	WARN	TLS certificate errors will be ignored for this session
1643584679784	Marionette	INFO	Stopped listening on port 52980

###!!! [Child][RunMessage] Error: Channel closing: too late to send/recv, messages will be lost


###!!! [Child][RunMessage] Error: Channel closing: too late to send/recv, messages will be lost


###!!! [Parent][RunMessage] Error: Channel closing: too late to send/recv, messages will be lost

1643584780612	geckodriver	INFO	Listening on 127.0.0.1:64806
1643584783668	mozrunner::runner	INFO	Running command: "C:\\Program Files\\Mozilla Firefox\\firefox.exe" "--marionette" "-no-remote" "-profile" "C:\\Users\\joaod\\AppData\\Local\\Temp\\rust_mozprofileIIG2RO"
1643584784471	Marionette	INFO	Marionette enabled
console.warn: SearchSettings: "get: No settings file exists, new profile?" (new NotFoundError("Could not open the file at C:\\Users\\joaod\\AppData\\Local\\Temp\\rust_mozprofileIIG2RO\\search.json.mozlz4", (void 0)))
1643584790181	Marionette	INFO	Listening on port 64818
1643584790286	RemoteAgent	WARN	TLS certificate errors will be ignored for this session
JavaScript error: resource://gre/actors/AutoCompleteChild.jsm, line 125: Error: Invalid autocomplete selectedIndex
JavaScript error: resource://gre/actors/AutoCompleteChild.jsm, line 125: Error: Invalid autocomplete selectedIndex
JavaScript error: resource://gre/modules/LoginManagerChild.jsm, line 194: NS_ERROR_XPC_JAVASCRIPT_ERROR_WITH_DETAILS: [JavaScript Error: "Invalid autocomplete selectedIndex" {file: "resource://gre/actors/AutoCompleteChild.jsm" line: 125}]'[JavaScript Error: "Invalid autocomplete selectedIndex" {file: "resource://gre/actors/AutoCompleteChild.jsm" line: 125}]' when calling method: [nsIAutoCompletePopup::selectedIndex]
console.warn: LoginRecipes: "getRecipes: falling back to a synchronous message for:" "http://localhost:64805"
console.warn: LoginRecipes: "getRecipes: falling back to a synchronous message for:" "http://localhost:64805"
1643584793360	Marionette	INFO	Stopped listening on port 64818
1643585588482	geckodriver	INFO	Listening on 127.0.0.1:61399
1643585591520	mozrunner::runner	INFO	Running command: "C:\\Program Files\\Mozilla Firefox\\firefox.exe" "--marionette" "-no-remote" "-profile" "C:\\Users\\joaod\\AppData\\Local\\Temp\\rust_mozprofileRmzOdZ"
1643585592285	Marionette	INFO	Marionette enabled
console.warn: SearchSettings: "get: No settings file exists, new profile?" (new NotFoundError("Could not open the file at C:\\Users\\joaod\\AppData\\Local\\Temp\\rust_mozprofileRmzOdZ\\search.json.mozlz4", (void 0)))
1643585598530	Marionette	INFO	Listening on port 61407
1643585599036	RemoteAgent	WARN	TLS certificate errors will be ignored for this session
JavaScript error: resource://gre/actors/AutoCompleteChild.jsm, line 125: Error: Invalid autocomplete selectedIndex
JavaScript error: resource://gre/actors/AutoCompleteChild.jsm, line 125: Error: Invalid autocomplete selectedIndex
JavaScript error: resource://gre/modules/LoginManagerChild.jsm, line 194: NS_ERROR_XPC_JAVASCRIPT_ERROR_WITH_DETAILS: [JavaScript Error: "Invalid autocomplete selectedIndex" {file: "resource://gre/actors/AutoCompleteChild.jsm" line: 125}]'[JavaScript Error: "Invalid autocomplete selectedIndex" {file: "resource://gre/actors/AutoCompleteChild.jsm" line: 125}]' when calling method: [nsIAutoCompletePopup::selectedIndex]
console.warn: LoginRecipes: "getRecipes: falling back to a synchronous message for:" "http://localhost:61398"
console.warn: LoginRecipes: "getRecipes: falling back to a synchronous message for:" "http://localhost:61398"
1643585601655	Marionette	INFO	Stopped listening on port 61407

###!!! [Parent][RunMessage] Error: Channel closing: too late to send/recv, messages will be lost

1643585840259	geckodriver	INFO	Listening on 127.0.0.1:60162
1643585843324	mozrunner::runner	INFO	Running command: "C:\\Program Files\\Mozilla Firefox\\firefox.exe" "--marionette" "-no-remote" "-profile" "C:\\Users\\joaod\\AppData\\Local\\Temp\\rust_mozprofileGEyq1p"
1643585844051	Marionette	INFO	Marionette enabled
console.warn: SearchSettings: "get: No settings file exists, new profile?" (new NotFoundError("Could not open the file at C:\\Users\\joaod\\AppData\\Local\\Temp\\rust_mozprofileGEyq1p\\search.json.mozlz4", (void 0)))
1643585848588	Marionette	INFO	Listening on port 60170
1643585848688	RemoteAgent	WARN	TLS certificate errors will be ignored for this session
JavaScript error: resource://gre/actors/AutoCompleteChild.jsm, line 125: Error: Invalid autocomplete selectedIndex
JavaScript error: resource://gre/actors/AutoCompleteChild.jsm, line 125: Error: Invalid autocomplete selectedIndex
JavaScript error: resource://gre/modules/LoginManagerChild.jsm, line 194: NS_ERROR_XPC_JAVASCRIPT_ERROR_WITH_DETAILS: [JavaScript Error: "Invalid autocomplete selectedIndex" {file: "resource://gre/actors/AutoCompleteChild.jsm" line: 125}]'[JavaScript Error: "Invalid autocomplete selectedIndex" {file: "resource://gre/actors/AutoCompleteChild.jsm" line: 125}]' when calling method: [nsIAutoCompletePopup::selectedIndex]
console.warn: LoginRecipes: "getRecipes: falling back to a synchronous message for:" "http://localhost:60161"
console.warn: LoginRecipes: "getRecipes: falling back to a synchronous message for:" "http://localhost:60161"
1643585851227	Marionette	INFO	Stopped listening on port 60170

###!!! [Parent][RunMessage] Error: Channel closing: too late to send/recv, messages will be lost

1643585872932	geckodriver	INFO	Listening on 127.0.0.1:60230
1643585875957	mozrunner::runner	INFO	Running command: "C:\\Program Files\\Mozilla Firefox\\firefox.exe" "--marionette" "-no-remote" "-profile" "C:\\Users\\joaod\\AppData\\Local\\Temp\\rust_mozprofileR0Kwes"
1643585877054	Marionette	INFO	Marionette enabled
console.warn: SearchSettings: "get: No settings file exists, new profile?" (new NotFoundError("Could not open the file at C:\\Users\\joaod\\AppData\\Local\\Temp\\rust_mozprofileR0Kwes\\search.json.mozlz4", (void 0)))
1643585883108	Marionette	INFO	Listening on port 60238
1643585883460	RemoteAgent	WARN	TLS certificate errors will be ignored for this session
JavaScript error: resource://gre/actors/AutoCompleteChild.jsm, line 125: Error: Invalid autocomplete selectedIndex
JavaScript error: resource://gre/actors/AutoCompleteChild.jsm, line 125: Error: Invalid autocomplete selectedIndex
JavaScript error: resource://gre/modules/LoginManagerChild.jsm, line 194: NS_ERROR_XPC_JAVASCRIPT_ERROR_WITH_DETAILS: [JavaScript Error: "Invalid autocomplete selectedIndex" {file: "resource://gre/actors/AutoCompleteChild.jsm" line: 125}]'[JavaScript Error: "Invalid autocomplete selectedIndex" {file: "resource://gre/actors/AutoCompleteChild.jsm" line: 125}]' when calling method: [nsIAutoCompletePopup::selectedIndex]
console.warn: LoginRecipes: "getRecipes: falling back to a synchronous message for:" "http://localhost:60229"
console.warn: LoginRecipes: "getRecipes: falling back to a synchronous message for:" "http://localhost:60229"
1643585885882	Marionette	INFO	Stopped listening on port 60238

###!!! [Parent][RunMessage] Error: Channel closing: too late to send/recv, messages will be lost

1643585889257	geckodriver	INFO	Listening on 127.0.0.1:60296
1643585892293	mozrunner::runner	INFO	Running command: "C:\\Program Files\\Mozilla Firefox\\firefox.exe" "--marionette" "-no-remote" "-profile" "C:\\Users\\joaod\\AppData\\Local\\Temp\\rust_mozprofileo5Y4Km"
1643585893072	Marionette	INFO	Marionette enabled
console.warn: SearchSettings: "get: No settings file exists, new profile?" (new NotFoundError("Could not open the file at C:\\Users\\joaod\\AppData\\Local\\Temp\\rust_mozprofileo5Y4Km\\search.json.mozlz4", (void 0)))
1643585897447	Marionette	INFO	Listening on port 53519
1643585897669	RemoteAgent	WARN	TLS certificate errors will be ignored for this session
JavaScript error: resource://gre/actors/AutoCompleteChild.jsm, line 125: Error: Invalid autocomplete selectedIndex
JavaScript error: resource://gre/actors/AutoCompleteChild.jsm, line 125: Error: Invalid autocomplete selectedIndex
JavaScript error: resource://gre/modules/LoginManagerChild.jsm, line 194: NS_ERROR_XPC_JAVASCRIPT_ERROR_WITH_DETAILS: [JavaScript Error: "Invalid autocomplete selectedIndex" {file: "resource://gre/actors/AutoCompleteChild.jsm" line: 125}]'[JavaScript Error: "Invalid autocomplete selectedIndex" {file: "resource://gre/actors/AutoCompleteChild.jsm" line: 125}]' when calling method: [nsIAutoCompletePopup::selectedIndex]
console.warn: LoginRecipes: "getRecipes: falling back to a synchronous message for:" "http://localhost:60229"
1643585898496	Marionette	INFO	Stopped listening on port 53519
1643586288863	geckodriver	INFO	Listening on 127.0.0.1:53449
1643586291923	mozrunner::runner	INFO	Running command: "C:\\Program Files\\Mozilla Firefox\\firefox.exe" "--marionette" "-no-remote" "-profile" "C:\\Users\\joaod\\AppData\\Local\\Temp\\rust_mozprofilePlReoO"
1643586292952	Marionette	INFO	Marionette enabled
console.warn: SearchSettings: "get: No settings file exists, new profile?" (new NotFoundError("Could not open the file at C:\\Users\\joaod\\AppData\\Local\\Temp\\rust_mozprofilePlReoO\\search.json.mozlz4", (void 0)))
1643586297365	Marionette	INFO	Listening on port 53458
1643586297797	RemoteAgent	WARN	TLS certificate errors will be ignored for this session
JavaScript error: resource://gre/actors/AutoCompleteChild.jsm, line 125: Error: Invalid autocomplete selectedIndex
JavaScript error: resource://gre/actors/AutoCompleteChild.jsm, line 125: Error: Invalid autocomplete selectedIndex
JavaScript error: resource://gre/modules/LoginManagerChild.jsm, line 194: NS_ERROR_XPC_JAVASCRIPT_ERROR_WITH_DETAILS: [JavaScript Error: "Invalid autocomplete selectedIndex" {file: "resource://gre/actors/AutoCompleteChild.jsm" line: 125}]'[JavaScript Error: "Invalid autocomplete selectedIndex" {file: "resource://gre/actors/AutoCompleteChild.jsm" line: 125}]' when calling method: [nsIAutoCompletePopup::selectedIndex]
console.warn: LoginRecipes: "getRecipes: falling back to a synchronous message for:" "http://localhost:53448"
console.warn: LoginRecipes: "getRecipes: falling back to a synchronous message for:" "http://localhost:53448"
1643586300227	Marionette	INFO	Stopped listening on port 53458
1643586301792	geckodriver	INFO	Listening on 127.0.0.1:53510
1643586304828	mozrunner::runner	INFO	Running command: "C:\\Program Files\\Mozilla Firefox\\firefox.exe" "--marionette" "-no-remote" "-profile" "C:\\Users\\joaod\\AppData\\Local\\Temp\\rust_mozprofileBD9bzW"
1643586305539	Marionette	INFO	Marionette enabled
console.warn: SearchSettings: "get: No settings file exists, new profile?" (new NotFoundError("Could not open the file at C:\\Users\\joaod\\AppData\\Local\\Temp\\rust_mozprofileBD9bzW\\search.json.mozlz4", (void 0)))
1643586309641	Marionette	INFO	Listening on port 53519
1643586309725	RemoteAgent	WARN	TLS certificate errors will be ignored for this session
JavaScript error: resource://gre/actors/AutoCompleteChild.jsm, line 125: Error: Invalid autocomplete selectedIndex
JavaScript error: resource://gre/actors/AutoCompleteChild.jsm, line 125: Error: Invalid autocomplete selectedIndex
JavaScript error: resource://gre/modules/LoginManagerChild.jsm, line 194: NS_ERROR_XPC_JAVASCRIPT_ERROR_WITH_DETAILS: [JavaScript Error: "Invalid autocomplete selectedIndex" {file: "resource://gre/actors/AutoCompleteChild.jsm" line: 125}]'[JavaScript Error: "Invalid autocomplete selectedIndex" {file: "resource://gre/actors/AutoCompleteChild.jsm" line: 125}]' when calling method: [nsIAutoCompletePopup::selectedIndex]
console.warn: LoginRecipes: "getRecipes: falling back to a synchronous message for:" "http://localhost:53448"
1643586310571	Marionette	INFO	Stopped listening on port 53519
1643586312049	geckodriver	INFO	Listening on 127.0.0.1:53558
1643586315109	mozrunner::runner	INFO	Running command: "C:\\Program Files\\Mozilla Firefox\\firefox.exe" "--marionette" "-no-remote" "-profile" "C:\\Users\\joaod\\AppData\\Local\\Temp\\rust_mozprofileclQc8T"
1643586315824	Marionette	INFO	Marionette enabled
console.warn: SearchSettings: "get: No settings file exists, new profile?" (new NotFoundError("Could not open the file at C:\\Users\\joaod\\AppData\\Local\\Temp\\rust_mozprofileclQc8T\\search.json.mozlz4", (void 0)))
1643586319979	Marionette	INFO	Listening on port 53566
1643586320457	RemoteAgent	WARN	TLS certificate errors will be ignored for this session
1643586320672	Marionette	INFO	Stopped listening on port 53566
console.warn: services.settings: main/partitioning-exempt-urls sync interrupted by shutdown
1643586375742	geckodriver	INFO	Listening on 127.0.0.1:53464
1643586378807	mozrunner::runner	INFO	Running command: "C:\\Program Files\\Mozilla Firefox\\firefox.exe" "--marionette" "-no-remote" "-profile" "C:\\Users\\joaod\\AppData\\Local\\Temp\\rust_mozprofileaXa3Tq"
1643586379530	Marionette	INFO	Marionette enabled
console.warn: SearchSettings: "get: No settings file exists, new profile?" (new NotFoundError("Could not open the file at C:\\Users\\joaod\\AppData\\Local\\Temp\\rust_mozprofileaXa3Tq\\search.json.mozlz4", (void 0)))
1643586383918	Marionette	INFO	Listening on port 53481
1643586384197	RemoteAgent	WARN	TLS certificate errors will be ignored for this session
JavaScript error: resource://gre/actors/AutoCompleteChild.jsm, line 125: Error: Invalid autocomplete selectedIndex
JavaScript error: resource://gre/actors/AutoCompleteChild.jsm, line 125: Error: Invalid autocomplete selectedIndex
JavaScript error: resource://gre/modules/LoginManagerChild.jsm, line 194: NS_ERROR_XPC_JAVASCRIPT_ERROR_WITH_DETAILS: [JavaScript Error: "Invalid autocomplete selectedIndex" {file: "resource://gre/actors/AutoCompleteChild.jsm" line: 125}]'[JavaScript Error: "Invalid autocomplete selectedIndex" {file: "resource://gre/actors/AutoCompleteChild.jsm" line: 125}]' when calling method: [nsIAutoCompletePopup::selectedIndex]
console.warn: LoginRecipes: "getRecipes: falling back to a synchronous message for:" "http://localhost:53463"
console.warn: LoginRecipes: "getRecipes: falling back to a synchronous message for:" "http://localhost:53463"
1643586386801	Marionette	INFO	Stopped listening on port 53481
1643586388320	geckodriver	INFO	Listening on 127.0.0.1:53558
1643586391337	mozrunner::runner	INFO	Running command: "C:\\Program Files\\Mozilla Firefox\\firefox.exe" "--marionette" "-no-remote" "-profile" "C:\\Users\\joaod\\AppData\\Local\\Temp\\rust_mozprofile9xbeDj"
1643586392263	Marionette	INFO	Marionette enabled
console.warn: SearchSettings: "get: No settings file exists, new profile?" (new NotFoundError("Could not open the file at C:\\Users\\joaod\\AppData\\Local\\Temp\\rust_mozprofile9xbeDj\\search.json.mozlz4", (void 0)))
1643586396955	Marionette	INFO	Listening on port 53569
1643586397212	RemoteAgent	WARN	TLS certificate errors will be ignored for this session
JavaScript error: resource://gre/actors/AutoCompleteChild.jsm, line 125: Error: Invalid autocomplete selectedIndex
JavaScript error: resource://gre/actors/AutoCompleteChild.jsm, line 125: Error: Invalid autocomplete selectedIndex
JavaScript error: resource://gre/modules/LoginManagerChild.jsm, line 194: NS_ERROR_XPC_JAVASCRIPT_ERROR_WITH_DETAILS: [JavaScript Error: "Invalid autocomplete selectedIndex" {file: "resource://gre/actors/AutoCompleteChild.jsm" line: 125}]'[JavaScript Error: "Invalid autocomplete selectedIndex" {file: "resource://gre/actors/AutoCompleteChild.jsm" line: 125}]' when calling method: [nsIAutoCompletePopup::selectedIndex]
console.warn: LoginRecipes: "getRecipes: falling back to a synchronous message for:" "http://localhost:53463"
1643586398154	Marionette	INFO	Stopped listening on port 53569

###!!! [Parent][MessageChannel] Error: (msgtype=0x3A007A,name=PContent::Msg_DestroyBrowsingContextGroup) Closed channel: cannot send/recv

JavaScript error: resource://gre/modules/Sqlite.jsm, line 1105: Error: Sqlite.jsm has been shutdown. Cannot open connection to: C:\Users\joaod\AppData\Local\Temp\rust_mozprofile9xbeDj\protections.sqlite

###!!! [Parent][RunMessage] Error: Channel closing: too late to send/recv, messages will be lost

1643586399723	geckodriver	INFO	Listening on 127.0.0.1:53628
1643586402761	mozrunner::runner	INFO	Running command: "C:\\Program Files\\Mozilla Firefox\\firefox.exe" "--marionette" "-no-remote" "-profile" "C:\\Users\\joaod\\AppData\\Local\\Temp\\rust_mozprofilev5y2Ui"
1643586403576	Marionette	INFO	Marionette enabled
console.warn: SearchSettings: "get: No settings file exists, new profile?" (new NotFoundError("Could not open the file at C:\\Users\\joaod\\AppData\\Local\\Temp\\rust_mozprofilev5y2Ui\\search.json.mozlz4", (void 0)))
1643586408076	Marionette	INFO	Listening on port 53640
1643586408126	RemoteAgent	WARN	TLS certificate errors will be ignored for this session
1643586408436	Marionette	INFO	Stopped listening on port 53640
console.error: services.settings: 
  main/query-stripping Signature failed  TypeError: NetworkError: Network request failed
console.error: services.settings: 
  main/partitioning-exempt-urls Signature failed  TypeError: NetworkError: Network request failed

###!!! [Parent][RunMessage] Error: Channel closing: too late to send/recv, messages will be lost

1643586795846	geckodriver	INFO	Listening on 127.0.0.1:61049
1643586798892	mozrunner::runner	INFO	Running command: "C:\\Program Files\\Mozilla Firefox\\firefox.exe" "--marionette" "-no-remote" "-profile" "C:\\Users\\joaod\\AppData\\Local\\Temp\\rust_mozprofilel956tA"
1643586799648	Marionette	INFO	Marionette enabled
console.warn: SearchSettings: "get: No settings file exists, new profile?" (new NotFoundError("Could not open the file at C:\\Users\\joaod\\AppData\\Local\\Temp\\rust_mozprofilel956tA\\search.json.mozlz4", (void 0)))
1643586805338	Marionette	INFO	Listening on port 61061
1643586805419	RemoteAgent	WARN	TLS certificate errors will be ignored for this session
JavaScript error: resource://gre/actors/AutoCompleteChild.jsm, line 125: Error: Invalid autocomplete selectedIndex
JavaScript error: resource://gre/actors/AutoCompleteChild.jsm, line 125: Error: Invalid autocomplete selectedIndex
JavaScript error: resource://gre/modules/LoginManagerChild.jsm, line 194: NS_ERROR_XPC_JAVASCRIPT_ERROR_WITH_DETAILS: [JavaScript Error: "Invalid autocomplete selectedIndex" {file: "resource://gre/actors/AutoCompleteChild.jsm" line: 125}]'[JavaScript Error: "Invalid autocomplete selectedIndex" {file: "resource://gre/actors/AutoCompleteChild.jsm" line: 125}]' when calling method: [nsIAutoCompletePopup::selectedIndex]
console.warn: LoginRecipes: "getRecipes: falling back to a synchronous message for:" "http://localhost:61048"
console.warn: LoginRecipes: "getRecipes: falling back to a synchronous message for:" "http://localhost:61048"
1643586807985	Marionette	INFO	Stopped listening on port 61061

###!!! [Parent][RunMessage] Error: Channel closing: too late to send/recv, messages will be lost

1643586812842	geckodriver	INFO	Listening on 127.0.0.1:56710
1643586815880	mozrunner::runner	INFO	Running command: "C:\\Program Files\\Mozilla Firefox\\firefox.exe" "--marionette" "-no-remote" "-profile" "C:\\Users\\joaod\\AppData\\Local\\Temp\\rust_mozprofileLyANBJ"
1643586816881	Marionette	INFO	Marionette enabled
console.warn: SearchSettings: "get: No settings file exists, new profile?" (new NotFoundError("Could not open the file at C:\\Users\\joaod\\AppData\\Local\\Temp\\rust_mozprofileLyANBJ\\search.json.mozlz4", (void 0)))
1643586821174	Marionette	INFO	Listening on port 56720
1643586821262	RemoteAgent	WARN	TLS certificate errors will be ignored for this session
JavaScript error: resource://gre/actors/AutoCompleteChild.jsm, line 125: Error: Invalid autocomplete selectedIndex
JavaScript error: resource://gre/actors/AutoCompleteChild.jsm, line 125: Error: Invalid autocomplete selectedIndex
JavaScript error: resource://gre/modules/LoginManagerChild.jsm, line 194: NS_ERROR_XPC_JAVASCRIPT_ERROR_WITH_DETAILS: [JavaScript Error: "Invalid autocomplete selectedIndex" {file: "resource://gre/actors/AutoCompleteChild.jsm" line: 125}]'[JavaScript Error: "Invalid autocomplete selectedIndex" {file: "resource://gre/actors/AutoCompleteChild.jsm" line: 125}]' when calling method: [nsIAutoCompletePopup::selectedIndex]
console.warn: LoginRecipes: "getRecipes: falling back to a synchronous message for:" "http://localhost:61048"
1643586822062	Marionette	INFO	Stopped listening on port 56720

###!!! [Parent][RunMessage] Error: Channel closing: too late to send/recv, messages will be lost

1643586823414	geckodriver	INFO	Listening on 127.0.0.1:56768
1643586826442	mozrunner::runner	INFO	Running command: "C:\\Program Files\\Mozilla Firefox\\firefox.exe" "--marionette" "-no-remote" "-profile" "C:\\Users\\joaod\\AppData\\Local\\Temp\\rust_mozprofileaOQasi"
1643586827101	Marionette	INFO	Marionette enabled
console.warn: SearchSettings: "get: No settings file exists, new profile?" (new NotFoundError("Could not open the file at C:\\Users\\joaod\\AppData\\Local\\Temp\\rust_mozprofileaOQasi\\search.json.mozlz4", (void 0)))
1643586831210	Marionette	INFO	Listening on port 56776
1643586831296	RemoteAgent	WARN	TLS certificate errors will be ignored for this session
JavaScript error: resource://gre/actors/AutoCompleteChild.jsm, line 125: Error: Invalid autocomplete selectedIndex
JavaScript error: resource://gre/actors/AutoCompleteChild.jsm, line 125: Error: Invalid autocomplete selectedIndex
JavaScript error: resource://gre/modules/LoginManagerChild.jsm, line 194: NS_ERROR_XPC_JAVASCRIPT_ERROR_WITH_DETAILS: [JavaScript Error: "Invalid autocomplete selectedIndex" {file: "resource://gre/actors/AutoCompleteChild.jsm" line: 125}]'[JavaScript Error: "Invalid autocomplete selectedIndex" {file: "resource://gre/actors/AutoCompleteChild.jsm" line: 125}]' when calling method: [nsIAutoCompletePopup::selectedIndex]
console.warn: LoginRecipes: "getRecipes: falling back to a synchronous message for:" "http://localhost:61048"
1643586836932	Marionette	INFO	Stopped listening on port 56776
1643586847971	geckodriver	INFO	Listening on 127.0.0.1:56833
1643586851022	mozrunner::runner	INFO	Running command: "C:\\Program Files\\Mozilla Firefox\\firefox.exe" "--marionette" "-no-remote" "-profile" "C:\\Users\\joaod\\AppData\\Local\\Temp\\rust_mozprofile6OUklv"
1643586851745	Marionette	INFO	Marionette enabled
console.warn: SearchSettings: "get: No settings file exists, new profile?" (new NotFoundError("Could not open the file at C:\\Users\\joaod\\AppData\\Local\\Temp\\rust_mozprofile6OUklv\\search.json.mozlz4", (void 0)))
1643586856379	Marionette	INFO	Listening on port 56841
1643586856889	RemoteAgent	WARN	TLS certificate errors will be ignored for this session
JavaScript error: resource://gre/actors/AutoCompleteChild.jsm, line 125: Error: Invalid autocomplete selectedIndex
JavaScript error: resource://gre/actors/AutoCompleteChild.jsm, line 125: Error: Invalid autocomplete selectedIndex
JavaScript error: resource://gre/modules/LoginManagerChild.jsm, line 194: NS_ERROR_XPC_JAVASCRIPT_ERROR_WITH_DETAILS: [JavaScript Error: "Invalid autocomplete selectedIndex" {file: "resource://gre/actors/AutoCompleteChild.jsm" line: 125}]'[JavaScript Error: "Invalid autocomplete selectedIndex" {file: "resource://gre/actors/AutoCompleteChild.jsm" line: 125}]' when calling method: [nsIAutoCompletePopup::selectedIndex]
console.warn: LoginRecipes: "getRecipes: falling back to a synchronous message for:" "http://localhost:56832"
console.warn: LoginRecipes: "getRecipes: falling back to a synchronous message for:" "http://localhost:56832"
1643586859321	Marionette	INFO	Stopped listening on port 56841

###!!! [Parent][RunMessage] Error: Channel closing: too late to send/recv, messages will be lost

1643586860964	geckodriver	INFO	Listening on 127.0.0.1:55338
1643586863981	mozrunner::runner	INFO	Running command: "C:\\Program Files\\Mozilla Firefox\\firefox.exe" "--marionette" "-no-remote" "-profile" "C:\\Users\\joaod\\AppData\\Local\\Temp\\rust_mozprofilefh5Zhr"
1643586864682	Marionette	INFO	Marionette enabled
console.warn: SearchSettings: "get: No settings file exists, new profile?" (new NotFoundError("Could not open the file at C:\\Users\\joaod\\AppData\\Local\\Temp\\rust_mozprofilefh5Zhr\\search.json.mozlz4", (void 0)))
1643586868955	Marionette	INFO	Listening on port 55346
1643586869325	RemoteAgent	WARN	TLS certificate errors will be ignored for this session
JavaScript error: resource://gre/actors/AutoCompleteChild.jsm, line 125: Error: Invalid autocomplete selectedIndex
JavaScript error: resource://gre/actors/AutoCompleteChild.jsm, line 125: Error: Invalid autocomplete selectedIndex
JavaScript error: resource://gre/modules/LoginManagerChild.jsm, line 194: NS_ERROR_XPC_JAVASCRIPT_ERROR_WITH_DETAILS: [JavaScript Error: "Invalid autocomplete selectedIndex" {file: "resource://gre/actors/AutoCompleteChild.jsm" line: 125}]'[JavaScript Error: "Invalid autocomplete selectedIndex" {file: "resource://gre/actors/AutoCompleteChild.jsm" line: 125}]' when calling method: [nsIAutoCompletePopup::selectedIndex]
console.warn: LoginRecipes: "getRecipes: falling back to a synchronous message for:" "http://localhost:56832"
1643586870169	Marionette	INFO	Stopped listening on port 55346
1643586871664	geckodriver	INFO	Listening on 127.0.0.1:55388
1643586874699	mozrunner::runner	INFO	Running command: "C:\\Program Files\\Mozilla Firefox\\firefox.exe" "--marionette" "-no-remote" "-profile" "C:\\Users\\joaod\\AppData\\Local\\Temp\\rust_mozprofileRTWClb"
1643586875424	Marionette	INFO	Marionette enabled
console.warn: SearchSettings: "get: No settings file exists, new profile?" (new NotFoundError("Could not open the file at C:\\Users\\joaod\\AppData\\Local\\Temp\\rust_mozprofileRTWClb\\search.json.mozlz4", (void 0)))
1643586879731	Marionette	INFO	Listening on port 55396
1643586880040	RemoteAgent	WARN	TLS certificate errors will be ignored for this session
JavaScript error: resource://gre/actors/AutoCompleteChild.jsm, line 125: Error: Invalid autocomplete selectedIndex
JavaScript error: resource://gre/actors/AutoCompleteChild.jsm, line 125: Error: Invalid autocomplete selectedIndex
JavaScript error: resource://gre/modules/LoginManagerChild.jsm, line 194: NS_ERROR_XPC_JAVASCRIPT_ERROR_WITH_DETAILS: [JavaScript Error: "Invalid autocomplete selectedIndex" {file: "resource://gre/actors/AutoCompleteChild.jsm" line: 125}]'[JavaScript Error: "Invalid autocomplete selectedIndex" {file: "resource://gre/actors/AutoCompleteChild.jsm" line: 125}]' when calling method: [nsIAutoCompletePopup::selectedIndex]
console.warn: LoginRecipes: "getRecipes: falling back to a synchronous message for:" "http://localhost:56832"
1643586885667	Marionette	INFO	Stopped listening on port 55396
